<?xml version="1.0" encoding="UTF-8"?>
<!-- Generated by org.testng.reporters.JUnitXMLReporter -->
<testsuite hostname="DESKTOP-DSRO71I" name="Default test" tests="3" failures="0" timestamp="25 Jun 2020 08:42:57 GMT" time="16.507" errors="0">
  <testcase name="validateChangeStatus" time="8.066" classname="API_Automation.Rest_Assured.StatusChange_Test"/>
  <testcase name="validateVarianceId" time="5.122" classname="API_Automation.Rest_Assured.StatusChange_Test"/>
  <testcase name="validateStatusResponseTime" time="0.003" classname="API_Automation.Rest_Assured.StatusChange_Test"/>
</testsuite> <!-- Default test -->
