<?xml version="1.0" encoding="UTF-8"?>
<!-- Generated by org.testng.reporters.JUnitXMLReporter -->
<testsuite hostname="DESKTOP-DSRO71I" name="Test" tests="4" failures="0" timestamp="10 Jun 2020 04:36:01 GMT" time="23.649" errors="0">
  <testcase name="valideteGetProfile" time="11.41" classname="API_Automation.Rest_Assured.GetProfile_Test"/>
  <testcase name="test" time="0.001" classname="API_Automation.Rest_Assured.AppTest"/>
  <testcase name="validateChangeStatus" time="0.001" classname="API_Automation.Rest_Assured.StatusChange_Test"/>
  <testcase name="getGroups" time="8.258" classname="API_Automation.Rest_Assured.GetGroups_Test"/>
</testsuite> <!-- Test -->
