<?xml version="1.0" encoding="UTF-8"?>
<!-- Generated by org.testng.reporters.JUnitXMLReporter -->
<testsuite hostname="DESKTOP-DSRO71I" ignored="3" name="Test" tests="4" failures="0" timestamp="2020-06-10T11:47:06 IST" time="12.478" errors="0">
  <testcase name="valideteGetProfile" time="4.842" classname="API_Automation.Rest_Assured.GetProfile_Test"/>
  <testcase name="test" time="0.0" classname="API_Automation.Rest_Assured.AppTest"/>
  <testcase name="validateChangeStatus" time="0.0" classname="API_Automation.Rest_Assured.StatusChange_Test"/>
  <testcase name="getGroups" time="4.246" classname="API_Automation.Rest_Assured.GetGroups_Test"/>
  <testcase name="@BeforeTest getTOken" time="0.0" classname="com.utility.BaseTest">
    <ignored/>
  </testcase> <!-- @BeforeTest getTOken -->
  <testcase name="@BeforeTest getTOken" time="0.0" classname="com.utility.BaseTest">
    <ignored/>
  </testcase> <!-- @BeforeTest getTOken -->
  <testcase name="@BeforeTest getTOken" time="0.0" classname="com.utility.BaseTest">
    <ignored/>
  </testcase> <!-- @BeforeTest getTOken -->
</testsuite> <!-- Test -->
