<?xml version="1.0" encoding="UTF-8"?>
<!-- Generated by org.testng.reporters.JUnitXMLReporter -->
<testsuite hostname="DESKTOP-DSRO71I" ignored="4" name="Test" tests="5" failures="0" timestamp="2020-06-24T19:22:18 IST" time="22.545" errors="0">
  <testcase name="valideteGetProfile" time="5.651" classname="API_Automation.Rest_Assured.GetProfile_Test"/>
  <testcase name="test" time="0.003" classname="API_Automation.Rest_Assured.AppTest"/>
  <testcase name="validateChangeStatus" time="6.856" classname="API_Automation.Rest_Assured.StatusChange_Test"/>
  <testcase name="getGroups" time="4.94" classname="API_Automation.Rest_Assured.GetGroups_Test"/>
  <testcase name="validateGetUser" time="1.75" classname="API_Automation.Rest_Assured.GetUSers_Test"/>
  <testcase name="@BeforeTest getTOken" time="0.0" classname="com.utility.BaseTest">
    <ignored/>
  </testcase> <!-- @BeforeTest getTOken -->
  <testcase name="@BeforeTest getTOken" time="0.0" classname="com.utility.BaseTest">
    <ignored/>
  </testcase> <!-- @BeforeTest getTOken -->
  <testcase name="@BeforeTest getTOken" time="0.0" classname="com.utility.BaseTest">
    <ignored/>
  </testcase> <!-- @BeforeTest getTOken -->
  <testcase name="@BeforeTest getTOken" time="0.0" classname="com.utility.BaseTest">
    <ignored/>
  </testcase> <!-- @BeforeTest getTOken -->
</testsuite> <!-- Test -->
