<?xml version="1.0" encoding="UTF-8"?>
<testsuite xmlns:xsi="http://www.w3.org/2001/XMLSchema-instance" xsi:noNamespaceSchemaLocation="https://maven.apache.org/surefire/maven-surefire-plugin/xsd/surefire-test-report-3.0.xsd" version="3.0" name="TestSuite" time="23.376" tests="5" errors="0" skipped="0" failures="0">
  <properties>
[...]
</properties>
  <testcase name="valideteGetProfile" classname="API_Automation.Rest_Assured.GetProfile_Test" time="5.652">
    <system-out><![CDATA[Inside GetProfile_Test
]]></system-out>
  </testcase>
  <testcase name="test" classname="API_Automation.Rest_Assured.AppTest" time="0.002">
    <system-out><![CDATA[Inside AppTest
{"email":"adarsh.jayanna@costrategix.com","password":"12345"}
]]></system-out>
  </testcase>
  <testcase name="validateChangeStatus" classname="API_Automation.Rest_Assured.StatusChange_Test" time="6.857">
    <system-out><![CDATA[16644
{"status":"Success","data":[{"id":16644,"tenantId":1,"catalogId":3433763,"fdcDistributorId":49,"expectedPrice":54.0,"actualPrice":55.1,"overpaymentPrice":1.0999985,"statusId":{"id":2,"name":null,"parent":null},"fdcInvoiceId":"2020-05-06:49:59004373-2001101854","invoiceVendorProductNumber":"1076","invoiceProductName":"b.l. 15/25 can","invoiceProductClass":null,"invoiceProductDescription":"b.l. 15/25 can","invoiceBrandName":"b.l. 15/25 can","invoiceDisplayName":"b.l. 15/25 can","invoiceDate":"2020-05-06T00:00:00.000+0000","invoiceQuantity":2,"invoiceTotalCost":54.0,"tenantLocationId":2077,"varianceHaStatusId":23775}]}
Inside StatusChange_Test
]]></system-out>
  </testcase>
  <testcase name="getGroups" classname="API_Automation.Rest_Assured.GetGroups_Test" time="4.941">
    <system-out><![CDATA[Inside GetGroups_Test
]]></system-out>
  </testcase>
  <testcase name="validateGetUser" classname="API_Automation.Rest_Assured.GetUSers_Test" time="1.749">
    <system-out><![CDATA[Inside GetUSers_Test
]]></system-out>
  </testcase>
</testsuite>