<?xml version="1.0" encoding="UTF-8"?>
<testng-results skipped="0" failed="0" ignored="4" total="21" passed="17">
  <reporter-output>
  </reporter-output>
  <suite name="Suite" duration-ms="37890" started-at="2020-06-25T14:13:10 IST" finished-at="2020-06-25T14:13:48 IST">
    <groups>
      <group name="GetUSers">
        <method signature="GetUSers_Test.validatEmailList()[pri:1, instance:API_Automation.Rest_Assured.GetUSers_Test@3af9c5b7]" name="validatEmailList" class="API_Automation.Rest_Assured.GetUSers_Test"/>
        <method signature="GetUSers_Test.validatNameList()[pri:2, instance:API_Automation.Rest_Assured.GetUSers_Test@3af9c5b7]" name="validatNameList" class="API_Automation.Rest_Assured.GetUSers_Test"/>
        <method signature="GetUSers_Test.validateGetUser()[pri:0, instance:API_Automation.Rest_Assured.GetUSers_Test@3af9c5b7]" name="validateGetUser" class="API_Automation.Rest_Assured.GetUSers_Test"/>
        <method signature="GetUSers_Test.validateGetUserResponseTime()[pri:3, instance:API_Automation.Rest_Assured.GetUSers_Test@3af9c5b7]" name="validateGetUserResponseTime" class="API_Automation.Rest_Assured.GetUSers_Test"/>
      </group> <!-- GetUSers -->
      <group name="GetProfileValidations">
        <method signature="GetProfile_Test.validateActiveFlag()[pri:3, instance:API_Automation.Rest_Assured.GetProfile_Test@e4487af]" name="validateActiveFlag" class="API_Automation.Rest_Assured.GetProfile_Test"/>
        <method signature="GetProfile_Test.validateEmail()[pri:4, instance:API_Automation.Rest_Assured.GetProfile_Test@e4487af]" name="validateEmail" class="API_Automation.Rest_Assured.GetProfile_Test"/>
        <method signature="GetProfile_Test.validateFirstAndLastName()[pri:2, instance:API_Automation.Rest_Assured.GetProfile_Test@e4487af]" name="validateFirstAndLastName" class="API_Automation.Rest_Assured.GetProfile_Test"/>
        <method signature="GetProfile_Test.validateGetProfileResponseTime()[pri:5, instance:API_Automation.Rest_Assured.GetProfile_Test@e4487af]" name="validateGetProfileResponseTime" class="API_Automation.Rest_Assured.GetProfile_Test"/>
        <method signature="GetProfile_Test.validateRole()[pri:1, instance:API_Automation.Rest_Assured.GetProfile_Test@e4487af]" name="validateRole" class="API_Automation.Rest_Assured.GetProfile_Test"/>
        <method signature="GetProfile_Test.valideteGetProfile()[pri:0, instance:API_Automation.Rest_Assured.GetProfile_Test@e4487af]" name="valideteGetProfile" class="API_Automation.Rest_Assured.GetProfile_Test"/>
      </group> <!-- GetProfileValidations -->
      <group name="Change Status">
        <method signature="StatusChange_Test.validateChangeStatus()[pri:0, instance:API_Automation.Rest_Assured.StatusChange_Test@c86b9e3]" name="validateChangeStatus" class="API_Automation.Rest_Assured.StatusChange_Test"/>
        <method signature="StatusChange_Test.validateStatusResponseTime()[pri:2, instance:API_Automation.Rest_Assured.StatusChange_Test@c86b9e3]" name="validateStatusResponseTime" class="API_Automation.Rest_Assured.StatusChange_Test"/>
        <method signature="StatusChange_Test.validateVarianceId()[pri:1, instance:API_Automation.Rest_Assured.StatusChange_Test@c86b9e3]" name="validateVarianceId" class="API_Automation.Rest_Assured.StatusChange_Test"/>
      </group> <!-- Change Status -->
    </groups>
    <test name="Test" duration-ms="37890" started-at="2020-06-25T14:13:10 IST" finished-at="2020-06-25T14:13:48 IST">
      <class name="API_Automation.Rest_Assured.StatusChange_Test">
        <test-method status="PASS" signature="validateChangeStatus()[pri:0, instance:API_Automation.Rest_Assured.StatusChange_Test@c86b9e3]" name="validateChangeStatus" duration-ms="8052" started-at="2020-06-25T14:13:23 IST" description="validating status change API status code and status" finished-at="2020-06-25T14:13:31 IST">
          <reporter-output>
          </reporter-output>
        </test-method> <!-- validateChangeStatus -->
        <test-method status="PASS" signature="validateVarianceId()[pri:1, instance:API_Automation.Rest_Assured.StatusChange_Test@c86b9e3]" name="validateVarianceId" duration-ms="6448" started-at="2020-06-25T14:13:31 IST" description="Validate status change in DB" finished-at="2020-06-25T14:13:38 IST">
          <reporter-output>
          </reporter-output>
        </test-method> <!-- validateVarianceId -->
        <test-method status="PASS" signature="validateStatusResponseTime()[pri:2, instance:API_Automation.Rest_Assured.StatusChange_Test@c86b9e3]" name="validateStatusResponseTime" duration-ms="1" started-at="2020-06-25T14:13:38 IST" description="Validate status API response time" finished-at="2020-06-25T14:13:38 IST">
          <reporter-output>
          </reporter-output>
        </test-method> <!-- validateStatusResponseTime -->
      </class> <!-- API_Automation.Rest_Assured.StatusChange_Test -->
      <class name="API_Automation.Rest_Assured.GetUSers_Test">
        <test-method status="PASS" signature="validateGetUser()[pri:0, instance:API_Automation.Rest_Assured.GetUSers_Test@3af9c5b7]" name="validateGetUser" duration-ms="2462" started-at="2020-06-25T14:13:45 IST" description="validating get user API status code" finished-at="2020-06-25T14:13:48 IST">
          <reporter-output>
          </reporter-output>
        </test-method> <!-- validateGetUser -->
        <test-method status="PASS" signature="validatEmailList()[pri:1, instance:API_Automation.Rest_Assured.GetUSers_Test@3af9c5b7]" name="validatEmailList" duration-ms="3" started-at="2020-06-25T14:13:48 IST" description="Validate email list" finished-at="2020-06-25T14:13:48 IST">
          <reporter-output>
          </reporter-output>
        </test-method> <!-- validatEmailList -->
        <test-method status="PASS" signature="validatNameList()[pri:2, instance:API_Automation.Rest_Assured.GetUSers_Test@3af9c5b7]" name="validatNameList" duration-ms="0" started-at="2020-06-25T14:13:48 IST" description="Validate name list" finished-at="2020-06-25T14:13:48 IST">
          <reporter-output>
          </reporter-output>
        </test-method> <!-- validatNameList -->
        <test-method status="PASS" signature="validateGetUserResponseTime()[pri:3, instance:API_Automation.Rest_Assured.GetUSers_Test@3af9c5b7]" name="validateGetUserResponseTime" duration-ms="1" started-at="2020-06-25T14:13:48 IST" description="Validate get uesr API response time" finished-at="2020-06-25T14:13:48 IST">
          <reporter-output>
          </reporter-output>
        </test-method> <!-- validateGetUserResponseTime -->
      </class> <!-- API_Automation.Rest_Assured.GetUSers_Test -->
      <class name="API_Automation.Rest_Assured.GetGroups_Test">
        <test-method status="PASS" signature="getGroups()[pri:0, instance:API_Automation.Rest_Assured.GetGroups_Test@10aa41f2]" name="getGroups" duration-ms="7332" started-at="2020-06-25T14:13:38 IST" description="validating get groups API status code" finished-at="2020-06-25T14:13:45 IST">
          <reporter-output>
          </reporter-output>
        </test-method> <!-- getGroups -->
        <test-method status="PASS" signature="validateStoreGroupList()[pri:0, instance:API_Automation.Rest_Assured.GetGroups_Test@10aa41f2]" name="validateStoreGroupList" duration-ms="2" started-at="2020-06-25T14:13:45 IST" description="validate storegroups list" finished-at="2020-06-25T14:13:45 IST">
          <reporter-output>
          </reporter-output>
        </test-method> <!-- validateStoreGroupList -->
        <test-method status="PASS" signature="validateStoreGroupResponseTime()[pri:0, instance:API_Automation.Rest_Assured.GetGroups_Test@10aa41f2]" name="validateStoreGroupResponseTime" duration-ms="2" started-at="2020-06-25T14:13:45 IST" description="Validate get groups API response time" finished-at="2020-06-25T14:13:45 IST">
          <reporter-output>
          </reporter-output>
        </test-method> <!-- validateStoreGroupResponseTime -->
      </class> <!-- API_Automation.Rest_Assured.GetGroups_Test -->
      <class name="API_Automation.Rest_Assured.GetProfile_Test">
        <test-method status="PASS" signature="getTOken()[pri:0, instance:API_Automation.Rest_Assured.GetProfile_Test@e4487af]" name="getTOken" is-config="true" duration-ms="4470" started-at="2020-06-25T14:13:10 IST" finished-at="2020-06-25T14:13:14 IST">
          <reporter-output>
          </reporter-output>
        </test-method> <!-- getTOken -->
        <test-method status="PASS" signature="valideteGetProfile()[pri:0, instance:API_Automation.Rest_Assured.GetProfile_Test@e4487af]" name="valideteGetProfile" duration-ms="8990" started-at="2020-06-25T14:13:14 IST" description="Validate Profile API status code" finished-at="2020-06-25T14:13:23 IST">
          <reporter-output>
          </reporter-output>
        </test-method> <!-- valideteGetProfile -->
        <test-method status="PASS" signature="validateRole()[pri:1, instance:API_Automation.Rest_Assured.GetProfile_Test@e4487af]" name="validateRole" duration-ms="39" started-at="2020-06-25T14:13:23 IST" description="Validate user role" finished-at="2020-06-25T14:13:23 IST">
          <reporter-output>
          </reporter-output>
        </test-method> <!-- validateRole -->
        <test-method status="PASS" signature="validateFirstAndLastName()[pri:2, instance:API_Automation.Rest_Assured.GetProfile_Test@e4487af]" name="validateFirstAndLastName" duration-ms="1" started-at="2020-06-25T14:13:23 IST" description="Validate first name and last name" finished-at="2020-06-25T14:13:23 IST">
          <reporter-output>
          </reporter-output>
        </test-method> <!-- validateFirstAndLastName -->
        <test-method status="PASS" signature="validateActiveFlag()[pri:3, instance:API_Automation.Rest_Assured.GetProfile_Test@e4487af]" name="validateActiveFlag" duration-ms="0" started-at="2020-06-25T14:13:23 IST" description="Validate Active flag" finished-at="2020-06-25T14:13:23 IST">
          <reporter-output>
          </reporter-output>
        </test-method> <!-- validateActiveFlag -->
        <test-method status="PASS" signature="validateEmail()[pri:4, instance:API_Automation.Rest_Assured.GetProfile_Test@e4487af]" name="validateEmail" duration-ms="0" started-at="2020-06-25T14:13:23 IST" description="Validate email id" finished-at="2020-06-25T14:13:23 IST">
          <reporter-output>
          </reporter-output>
        </test-method> <!-- validateEmail -->
        <test-method status="PASS" signature="validateGetProfileResponseTime()[pri:5, instance:API_Automation.Rest_Assured.GetProfile_Test@e4487af]" name="validateGetProfileResponseTime" duration-ms="3" started-at="2020-06-25T14:13:23 IST" description="Validate get profile API response time" finished-at="2020-06-25T14:13:23 IST">
          <reporter-output>
          </reporter-output>
        </test-method> <!-- validateGetProfileResponseTime -->
      </class> <!-- API_Automation.Rest_Assured.GetProfile_Test -->
      <class name="API_Automation.Rest_Assured.AppTest">
        <test-method status="PASS" signature="test()[pri:0, instance:API_Automation.Rest_Assured.AppTest@6aaceffd]" name="test" duration-ms="14" started-at="2020-06-25T14:13:23 IST" finished-at="2020-06-25T14:13:23 IST">
          <reporter-output>
          </reporter-output>
        </test-method> <!-- test -->
      </class> <!-- API_Automation.Rest_Assured.AppTest -->
    </test> <!-- Test -->
  </suite> <!-- Suite -->
</testng-results>
