<?xml version="1.0" encoding="UTF-8"?>
<testsuite xmlns:xsi="http://www.w3.org/2001/XMLSchema-instance" xsi:noNamespaceSchemaLocation="https://maven.apache.org/surefire/maven-surefire-plugin/xsd/surefire-test-report-3.0.xsd" version="3.0" name="TestSuite" time="38.813" tests="17" errors="0" skipped="0" failures="0">
  <properties>
[...]
</properties>
  <testcase name="valideteGetProfile" classname="API_Automation.Rest_Assured.GetProfile_Test" time="8.995">
    <system-out><![CDATA[Inside GetProfile_Test
]]></system-out>
  </testcase>
  <testcase name="validateRole" classname="API_Automation.Rest_Assured.GetProfile_Test" time="0.043">
    <system-out><![CDATA[role : io.restassured.internal.RestAssuredResponseImpl@21f8e55f
]]></system-out>
  </testcase>
  <testcase name="validateFirstAndLastName" classname="API_Automation.Rest_Assured.GetProfile_Test" time="0.001">
    <system-out><![CDATA[first name ast name : io.restassured.internal.RestAssuredResponseImpl@21f8e55f
]]></system-out>
  </testcase>
  <testcase name="validateActiveFlag" classname="API_Automation.Rest_Assured.GetProfile_Test" time="0.004">
    <system-out><![CDATA[active_flag : io.restassured.internal.RestAssuredResponseImpl@21f8e55f
]]></system-out>
  </testcase>
  <testcase name="validateEmail" classname="API_Automation.Rest_Assured.GetProfile_Test" time="0.003">
    <system-out><![CDATA[email : io.restassured.internal.RestAssuredResponseImpl@21f8e55f
]]></system-out>
  </testcase>
  <testcase name="validateGetProfileResponseTime" classname="API_Automation.Rest_Assured.GetProfile_Test" time="0"/>
  <testcase name="test" classname="API_Automation.Rest_Assured.AppTest" time="0.022">
    <system-out><![CDATA[Inside AppTest
[currentStatus=2, groupId=1, comment=send for price update, varianceIdsList=[7], previousStatus=1]
{"currentStatus":2,"groupId":1,"comment":"send for price update","varianceIdsList":[7],"previousStatus":1}
]]></system-out>
  </testcase>
  <testcase name="validateChangeStatus" classname="API_Automation.Rest_Assured.StatusChange_Test" time="8.051">
    <system-out><![CDATA[16639
Inside StatusChange_Test
]]></system-out>
  </testcase>
  <testcase name="validateVarianceId" classname="API_Automation.Rest_Assured.StatusChange_Test" time="6.444"/>
  <testcase name="validateStatusResponseTime" classname="API_Automation.Rest_Assured.StatusChange_Test" time="0.003"/>
  <testcase name="getGroups" classname="API_Automation.Rest_Assured.GetGroups_Test" time="7.39">
    <system-out><![CDATA[Inside GetGroups_Test
[1400 - Florida Division, 1600 - Coastal Carolina Division, 1700 - Southeast Division, 1800 - Rocky Mountain Division, 1900 - Gulf Coast Division, 2800 - Texas Division, 4100 - Midwest Division, Great Lakes]
[1400 - Florida Division, 1600 - Coastal Carolina Division, 1700 - Southeast Division, 1800 - Rocky Mountain Division, 1900 - Gulf Coast Division, 2800 - Texas Division, 4100 - Midwest Division, Great Lakes]
]]></system-out>
  </testcase>
  <testcase name="validateStoreGroupList" classname="API_Automation.Rest_Assured.GetGroups_Test" time="0.022">
    <system-out><![CDATA[[1400 - Florida Division, 1600 - Coastal Carolina Division, 1700 - Southeast Division, 1800 - Rocky Mountain Division, 1900 - Gulf Coast Division, 2800 - Texas Division, 4100 - Midwest Division, Great Lakes]
[1400 - Florida Division, 1600 - Coastal Carolina Division, 1700 - Southeast Division, 1800 - Rocky Mountain Division, 1900 - Gulf Coast Division, 2800 - Texas Division, 4100 - Midwest Division, Great Lakes]
]]></system-out>
  </testcase>
  <testcase name="validateStoreGroupResponseTime" classname="API_Automation.Rest_Assured.GetGroups_Test" time="0"/>
  <testcase name="validateGetUser" classname="API_Automation.Rest_Assured.GetUSers_Test" time="2.394">
    <system-out><![CDATA[Inside GetUSers_Test
]]></system-out>
  </testcase>
  <testcase name="validatEmailList" classname="API_Automation.Rest_Assured.GetUSers_Test" time="0.003"/>
  <testcase name="validatNameList" classname="API_Automation.Rest_Assured.GetUSers_Test" time="0"/>
  <testcase name="validateGetUserResponseTime" classname="API_Automation.Rest_Assured.GetUSers_Test" time="0"/>
</testsuite>